<?xml version="1.0" encoding="UTF-8"?>
<!-- Generated by org.testng.reporters.JUnitXMLReporter -->
<testsuite ignored="0" hostname="DESKTOP-S63650B" failures="0" tests="9" name="Default test" time="54.071" errors="0" timestamp="2021-04-26T15:12:40 CEST">
  <testcase classname="testCases77BugsStore.ValidateMenMenuItem" name="ValidateMenMMenuItem" time="2.343"/>
  <testcase classname="testCases77BugsStore.ValidateOtherMenuItem" name="ValidateOtherMMenuItem" time="2.366"/>
  <testcase classname="testCases77BugsStore.ValidateProductPriceAfterPlaceOrder" name="validateProductPriceAfterPlaceOrder" time="11.377"/>
  <testcase classname="testCases77BugsStore.ValidateProductPricePlaceOrder" name="validateProductPricePlaceOrder" time="6.356"/>
  <testcase classname="testCases77BugsStore.ValidateProductPriceCartPage" name="validateProductPriceCartPage" time="4.757"/>
  <testcase classname="testCases77BugsStore.ValidateSportMenuItem" name="ValidateSportMMenuItem" time="1.652"/>
  <testcase classname="testCases77BugsStore.ValidateShoesMenuItem" name="ValidateShoesMMenuItem" time="1.727"/>
  <testcase classname="testCases77BugsStore.ValidateWomanMenuItem" name="ValidateWomanMMenuItem" time="1.811"/>
  <testcase classname="testCases77BugsStore.ValidateProductPriceOnProductsPage" name="validateProductPriceOnProductsPage" time="3.454"/>
</testsuite> <!-- Default test -->
