<?xml version="1.0" encoding="UTF-8"?>
<testng-results ignored="0" total="9" passed="9" failed="0" skipped="0">
  <reporter-output>
  </reporter-output>
  <suite started-at="2021-04-26T15:11:46 CEST" name="Default suite" finished-at="2021-04-26T15:12:40 CEST" duration-ms="54071">
    <groups>
    </groups>
    <test started-at="2021-04-26T15:11:46 CEST" name="Default test" finished-at="2021-04-26T15:12:40 CEST" duration-ms="54071">
      <class name="testCases77BugsStore.ValidateMenMenuItem">
        <test-method is-config="true" signature="testSetup()[pri:0, instance:testCases77BugsStore.ValidateMenMenuItem@149e0f5d]" started-at="2021-04-26T15:11:46 CEST" name="testSetup" finished-at="2021-04-26T15:11:48 CEST" duration-ms="2139" status="PASS">
          <reporter-output>
          </reporter-output>
        </test-method> <!-- testSetup -->
        <test-method signature="ValidateMenMMenuItem()[pri:0, instance:testCases77BugsStore.ValidateMenMenuItem@149e0f5d]" started-at="2021-04-26T15:12:03 CEST" name="ValidateMenMMenuItem" finished-at="2021-04-26T15:12:05 CEST" duration-ms="2343" status="PASS">
          <reporter-output>
          </reporter-output>
        </test-method> <!-- ValidateMenMMenuItem -->
        <test-method is-config="true" signature="teardown()[pri:0, instance:testCases77BugsStore.ValidateMenMenuItem@149e0f5d]" started-at="2021-04-26T15:12:39 CEST" name="teardown" finished-at="2021-04-26T15:12:39 CEST" duration-ms="77" status="PASS">
          <reporter-output>
          </reporter-output>
        </test-method> <!-- teardown -->
      </class> <!-- testCases77BugsStore.ValidateMenMenuItem -->
      <class name="testCases77BugsStore.ValidateOtherMenuItem">
        <test-method is-config="true" signature="testSetup()[pri:0, instance:testCases77BugsStore.ValidateOtherMenuItem@1b1473ab]" started-at="2021-04-26T15:11:48 CEST" name="testSetup" finished-at="2021-04-26T15:11:49 CEST" duration-ms="1638" status="PASS">
          <reporter-output>
          </reporter-output>
        </test-method> <!-- testSetup -->
        <test-method signature="ValidateOtherMMenuItem()[pri:0, instance:testCases77BugsStore.ValidateOtherMenuItem@1b1473ab]" started-at="2021-04-26T15:12:05 CEST" name="ValidateOtherMMenuItem" finished-at="2021-04-26T15:12:08 CEST" duration-ms="2366" status="PASS">
          <reporter-output>
          </reporter-output>
        </test-method> <!-- ValidateOtherMMenuItem -->
        <test-method is-config="true" signature="teardown()[pri:0, instance:testCases77BugsStore.ValidateOtherMenuItem@1b1473ab]" started-at="2021-04-26T15:12:39 CEST" name="teardown" finished-at="2021-04-26T15:12:39 CEST" duration-ms="106" status="PASS">
          <reporter-output>
          </reporter-output>
        </test-method> <!-- teardown -->
      </class> <!-- testCases77BugsStore.ValidateOtherMenuItem -->
      <class name="testCases77BugsStore.ValidateProductPriceAfterPlaceOrder">
        <test-method is-config="true" signature="testSetup()[pri:0, instance:testCases77BugsStore.ValidateProductPriceAfterPlaceOrder@2f7c2f4f]" started-at="2021-04-26T15:11:49 CEST" name="testSetup" finished-at="2021-04-26T15:11:51 CEST" duration-ms="1676" status="PASS">
          <reporter-output>
          </reporter-output>
        </test-method> <!-- testSetup -->
        <test-method signature="validateProductPriceAfterPlaceOrder()[pri:0, instance:testCases77BugsStore.ValidateProductPriceAfterPlaceOrder@2f7c2f4f]" started-at="2021-04-26T15:12:08 CEST" name="validateProductPriceAfterPlaceOrder" finished-at="2021-04-26T15:12:19 CEST" duration-ms="11377" status="PASS">
          <reporter-output>
          </reporter-output>
        </test-method> <!-- validateProductPriceAfterPlaceOrder -->
        <test-method is-config="true" signature="teardown()[pri:0, instance:testCases77BugsStore.ValidateProductPriceAfterPlaceOrder@2f7c2f4f]" started-at="2021-04-26T15:12:39 CEST" name="teardown" finished-at="2021-04-26T15:12:39 CEST" duration-ms="98" status="PASS">
          <reporter-output>
          </reporter-output>
        </test-method> <!-- teardown -->
      </class> <!-- testCases77BugsStore.ValidateProductPriceAfterPlaceOrder -->
      <class name="testCases77BugsStore.ValidateProductPricePlaceOrder">
        <test-method is-config="true" signature="testSetup()[pri:0, instance:testCases77BugsStore.ValidateProductPricePlaceOrder@6af93788]" started-at="2021-04-26T15:11:54 CEST" name="testSetup" finished-at="2021-04-26T15:11:56 CEST" duration-ms="1874" status="PASS">
          <reporter-output>
          </reporter-output>
        </test-method> <!-- testSetup -->
        <test-method signature="validateProductPricePlaceOrder()[pri:0, instance:testCases77BugsStore.ValidateProductPricePlaceOrder@6af93788]" started-at="2021-04-26T15:12:19 CEST" name="validateProductPricePlaceOrder" finished-at="2021-04-26T15:12:25 CEST" duration-ms="6356" status="PASS">
          <reporter-output>
          </reporter-output>
        </test-method> <!-- validateProductPricePlaceOrder -->
        <test-method is-config="true" signature="teardown()[pri:0, instance:testCases77BugsStore.ValidateProductPricePlaceOrder@6af93788]" started-at="2021-04-26T15:12:39 CEST" name="teardown" finished-at="2021-04-26T15:12:39 CEST" duration-ms="126" status="PASS">
          <reporter-output>
          </reporter-output>
        </test-method> <!-- teardown -->
      </class> <!-- testCases77BugsStore.ValidateProductPricePlaceOrder -->
      <class name="testCases77BugsStore.ValidateProductPriceCartPage">
        <test-method is-config="true" signature="testSetup()[pri:0, instance:testCases77BugsStore.ValidateProductPriceCartPage@ef9296d]" started-at="2021-04-26T15:11:51 CEST" name="testSetup" finished-at="2021-04-26T15:11:53 CEST" duration-ms="1640" status="PASS">
          <reporter-output>
          </reporter-output>
        </test-method> <!-- testSetup -->
        <test-method signature="validateProductPriceCartPage()[pri:0, instance:testCases77BugsStore.ValidateProductPriceCartPage@ef9296d]" started-at="2021-04-26T15:12:25 CEST" name="validateProductPriceCartPage" finished-at="2021-04-26T15:12:30 CEST" duration-ms="4757" status="PASS">
          <reporter-output>
          </reporter-output>
        </test-method> <!-- validateProductPriceCartPage -->
        <test-method is-config="true" signature="teardown()[pri:0, instance:testCases77BugsStore.ValidateProductPriceCartPage@ef9296d]" started-at="2021-04-26T15:12:39 CEST" name="teardown" finished-at="2021-04-26T15:12:39 CEST" duration-ms="103" status="PASS">
          <reporter-output>
          </reporter-output>
        </test-method> <!-- teardown -->
      </class> <!-- testCases77BugsStore.ValidateProductPriceCartPage -->
      <class name="testCases77BugsStore.ValidateSportMenuItem">
        <test-method is-config="true" signature="testSetup()[pri:0, instance:testCases77BugsStore.ValidateSportMenuItem@36c88a32]" started-at="2021-04-26T15:11:58 CEST" name="testSetup" finished-at="2021-04-26T15:12:00 CEST" duration-ms="2136" status="PASS">
          <reporter-output>
          </reporter-output>
        </test-method> <!-- testSetup -->
        <test-method signature="ValidateSportMMenuItem()[pri:0, instance:testCases77BugsStore.ValidateSportMenuItem@36c88a32]" started-at="2021-04-26T15:12:30 CEST" name="ValidateSportMMenuItem" finished-at="2021-04-26T15:12:32 CEST" duration-ms="1652" status="PASS">
          <reporter-output>
          </reporter-output>
        </test-method> <!-- ValidateSportMMenuItem -->
        <test-method is-config="true" signature="teardown()[pri:0, instance:testCases77BugsStore.ValidateSportMenuItem@36c88a32]" started-at="2021-04-26T15:12:39 CEST" name="teardown" finished-at="2021-04-26T15:12:40 CEST" duration-ms="94" status="PASS">
          <reporter-output>
          </reporter-output>
        </test-method> <!-- teardown -->
      </class> <!-- testCases77BugsStore.ValidateSportMenuItem -->
      <class name="testCases77BugsStore.ValidateShoesMenuItem">
        <test-method is-config="true" signature="testSetup()[pri:0, instance:testCases77BugsStore.ValidateShoesMenuItem@7880cdf3]" started-at="2021-04-26T15:11:56 CEST" name="testSetup" finished-at="2021-04-26T15:11:58 CEST" duration-ms="2011" status="PASS">
          <reporter-output>
          </reporter-output>
        </test-method> <!-- testSetup -->
        <test-method signature="ValidateShoesMMenuItem()[pri:0, instance:testCases77BugsStore.ValidateShoesMenuItem@7880cdf3]" started-at="2021-04-26T15:12:32 CEST" name="ValidateShoesMMenuItem" finished-at="2021-04-26T15:12:33 CEST" duration-ms="1727" status="PASS">
          <reporter-output>
          </reporter-output>
        </test-method> <!-- ValidateShoesMMenuItem -->
        <test-method is-config="true" signature="teardown()[pri:0, instance:testCases77BugsStore.ValidateShoesMenuItem@7880cdf3]" started-at="2021-04-26T15:12:39 CEST" name="teardown" finished-at="2021-04-26T15:12:39 CEST" duration-ms="99" status="PASS">
          <reporter-output>
          </reporter-output>
        </test-method> <!-- teardown -->
      </class> <!-- testCases77BugsStore.ValidateShoesMenuItem -->
      <class name="testCases77BugsStore.ValidateProductPriceOnProductsPage">
        <test-method is-config="true" signature="testSetup()[pri:0, instance:testCases77BugsStore.ValidateProductPriceOnProductsPage@1c93084c]" started-at="2021-04-26T15:11:53 CEST" name="testSetup" finished-at="2021-04-26T15:11:54 CEST" duration-ms="1672" status="PASS">
          <reporter-output>
          </reporter-output>
        </test-method> <!-- testSetup -->
        <test-method signature="validateProductPriceOnProductsPage()[pri:0, instance:testCases77BugsStore.ValidateProductPriceOnProductsPage@1c93084c]" started-at="2021-04-26T15:12:35 CEST" name="validateProductPriceOnProductsPage" finished-at="2021-04-26T15:12:39 CEST" duration-ms="3454" status="PASS">
          <reporter-output>
          </reporter-output>
        </test-method> <!-- validateProductPriceOnProductsPage -->
        <test-method is-config="true" signature="teardown()[pri:0, instance:testCases77BugsStore.ValidateProductPriceOnProductsPage@1c93084c]" started-at="2021-04-26T15:12:39 CEST" name="teardown" finished-at="2021-04-26T15:12:39 CEST" duration-ms="102" status="PASS">
          <reporter-output>
          </reporter-output>
        </test-method> <!-- teardown -->
      </class> <!-- testCases77BugsStore.ValidateProductPriceOnProductsPage -->
      <class name="testCases77BugsStore.ValidateWomanMenuItem">
        <test-method is-config="true" signature="testSetup()[pri:0, instance:testCases77BugsStore.ValidateWomanMenuItem@5be6e01c]" started-at="2021-04-26T15:12:00 CEST" name="testSetup" finished-at="2021-04-26T15:12:03 CEST" duration-ms="2371" status="PASS">
          <reporter-output>
          </reporter-output>
        </test-method> <!-- testSetup -->
        <test-method signature="ValidateWomanMMenuItem()[pri:0, instance:testCases77BugsStore.ValidateWomanMenuItem@5be6e01c]" started-at="2021-04-26T15:12:34 CEST" name="ValidateWomanMMenuItem" finished-at="2021-04-26T15:12:35 CEST" duration-ms="1811" status="PASS">
          <reporter-output>
          </reporter-output>
        </test-method> <!-- ValidateWomanMMenuItem -->
        <test-method is-config="true" signature="teardown()[pri:0, instance:testCases77BugsStore.ValidateWomanMenuItem@5be6e01c]" started-at="2021-04-26T15:12:40 CEST" name="teardown" finished-at="2021-04-26T15:12:40 CEST" duration-ms="188" status="PASS">
          <reporter-output>
          </reporter-output>
        </test-method> <!-- teardown -->
      </class> <!-- testCases77BugsStore.ValidateWomanMenuItem -->
    </test> <!-- Default test -->
  </suite> <!-- Default suite -->
</testng-results>
